make all --print-data-base --no-builtin-variables --no-builtin-rules --question
# GNU Make 3.81
# Copyright (C) 2006  Free Software Foundation, Inc.
# This is free software; see the source for copying conditions.
# There is NO warranty; not even for MERCHANTABILITY or FITNESS FOR A
# PARTICULAR PURPOSE.

# This program built for i386-apple-darwin11.3.0

# Make data base, printed on Mon May 17 10:29:06 2021

# Variables

# automatic
<D = $(patsubst %/,%,$(dir $<))
# environment
RUBY_VERSION = 3.0.1
# automatic
?F = $(notdir $?)
# environment
ZSHENV_LOADED = 1
# environment
ELECTRON_NO_ATTACH_CONSOLE = 1
# environment
LC_CTYPE = en_US.UTF-8
# environment
VSCODE_LOG_NATIVE = false
# automatic
?D = $(patsubst %/,%,$(dir $?))
# automatic
@D = $(patsubst %/,%,$(dir $@))
# automatic
@F = $(notdir $@)
# environment
MYVIMRC = /Users/manlycode/.config/nvim/init.vim
# makefile
CURDIR := /Users/manlycode/git/manlycode/lt-spice-lib
# makefile
SHELL = /bin/sh
# environment
VIM = /usr/local/Cellar/neovim/0.4.4_2/share/nvim
# environment
FZF_DEFAULT_COMMAND = rg --hidden -l ""
# environment
PROMPT_EOL_MARK = 
# environment
VSCODE_NLS_CONFIG = {"locale":"en-us","availableLanguages":{},"_languagePackSupport":true}
# environment
_ = /usr/bin/make
# makefile (from `Makefile', line 1)
MAKEFILE_LIST :=  Makefile
# environment
VSCODE_NODE_CACHED_DATA_DIR = /Users/manlycode/Library/Application Support/Code/CachedData/054a9295330880ed74ceaedda236253b4f39a335
# environment
VSCODE_VERBOSE_LOGGING = true
# environment
LC_COLLATE = en_US.UTF-8
# environment
__CFBundleIdentifier = com.googlecode.iterm2
# environment
VSCODE_IPC_HOOK_EXTHOST = /var/folders/pw/843m8g5j30b_07jpgsw2by9c0000gn/T/vscode-ipc-b56980a2-355b-4af2-a168-46dfaacabcdb.sock
# environment
VSCODE_CWD = /Users/manlycode/git/manlycode/lt-spice-lib
# environment
PATH = /usr/local/opt/openjdk/bin:/Users/manlycode/Library/Android/sdk/tools/bin:/Users/manlycode/go/bin:/usr/local/opt/go/libexec/bin:/Users/manlycode/.gem/ruby/3.0.1/bin:/Users/manlycode/.rubies/ruby-3.0.1/lib/ruby/gems/3.0.0/bin:/Users/manlycode/.rubies/ruby-3.0.1/bin:/usr/local/opt/avr-gcc@8/bin:/Users/manlycode/.asdf/shims:/Users/manlycode/.zinit/plugins/asdf-vm---asdf/bin:/usr/local/bin:/usr/bin:/bin:/usr/sbin:/sbin:/Library/Apple/usr/bin:/usr/local/opt/openjdk/bin:/Users/manlycode/Library/Android/sdk/tools/bin:/usr/local/Cellar/pyenv-virtualenv/1.1.5/shims:/Users/manlycode/.pyenv/shims:/Users/manlycode/.pyenv/bin:/Users/manlycode/go/bin:/usr/local/opt/go/libexec/bin:/usr/local/opt/avr-gcc@8/bin:/Users/manlycode/.zinit/plugins/direnv---direnv:/Users/manlycode/.zinit/polaris/bin:/usr/local/sbin:/Users/manlycode/bin:/Users/manlycode/go/bin:/usr/local/opt/go/libexec/bin
# environment
GOROOT = /usr/local/opt/go/libexec
# environment
RUBYOPT = 
# environment
LC_MESSAGES = en_US.UTF-8
# environment
GOPATH = /Users/manlycode/go
# environment
VSCODE_LOG_STACK = false
# environment
LC_NUMERIC = en_US.UTF-8
# environment
PYENV_ROOT = /Users/manlycode/.pyenv
# default
.FEATURES := target-specific order-only second-expansion else-if archives jobserver check-symlink
# environment
BOOKMARKS_FILE = /Users/manlycode/.bookmarks
# environment
SSH_AUTH_SOCK = /private/tmp/com.apple.launchd.Fdo7O36aeQ/Listeners
# environment
POSTMASTER_PID_FILE = /usr/local/var/postgres/postmaster.pid
# automatic
%F = $(notdir $%)
# environment
NVIM_TUI_ENABLE_TRUE_COLOR = 1
# environment
VISUAL = nvim
# environment
VSCODE_PIPE_LOGGING = true
# environment
PWD = /Users/manlycode/git/manlycode/lt-spice-lib
# makefile (from `Makefile', line 1)
LTSPICE_DIR := /Users/manlycode/Library/Application Support/LTspice
# environment
VBCC = /Users/manlycode/git/manlycode/vbcc
# environment
GEM_HOME = /Users/manlycode/.gem/ruby/3.0.1
# makefile (from `Makefile', line 2)
SUBCIRCUIT_DIR := /Users/manlycode/lib/sym
# environment
ORIGINAL_XDG_CURRENT_DESKTOP = undefined
# environment
VSCODE_AMD_ENTRYPOINT = vs/workbench/services/extensions/node/extensionHostProcess
# environment
PYENV_SHELL = zsh
# environment
HOME = /Users/manlycode
# default
MAKEFILEPATH := /Applications/Xcode.app/Contents/Developer/Makefiles
# environment
VSCODE_CLI = 1
# environment
NOSE_REDNOSE = 1
# environment
APPLICATION_INSIGHTS_NO_DIAGNOSTIC_CHANNEL = true
# environment
VSCODE_HANDLES_UNCAUGHT_ERRORS = true
# automatic
^D = $(patsubst %/,%,$(dir $^))
# environment
LC_TIME = en_US.UTF-8
# environment
GEM_PATH = /Users/manlycode/.gem/ruby/3.0.1:/Users/manlycode/.rubies/ruby-3.0.1/lib/ruby/gems/3.0.0
# environment
VIMRUNTIME = /usr/local/Cellar/neovim/0.4.4_2/share/nvim/runtime
# environment
XPC_FLAGS = 0x0
# environment
COLORTERM = truecolor
# default
MAKE = $(MAKE_COMMAND)
# environment
LC_TERMINAL = iTerm2
# environment
SHLVL = 4
# environment
RUBY_ROOT = /Users/manlycode/.rubies/ruby-3.0.1
# default
MAKE_VERSION := 3.81
# environment
USER = manlycode
# environment
LC_MONETARY = en_US.UTF-8
# makefile
.DEFAULT_GOAL := bootstrap
# environment
RUBY_ENGINE = ruby
# default
MAKECMDGOALS := all
# environment
TERM_SESSION_ID = w0t1p0:9E1FC0BB-A970-482B-9FE5-6EA496E2260A
# environment
BASE16_THEME = default-light
# automatic
%D = $(patsubst %/,%,$(dir $%))
# default
MAKE_COMMAND := /Applications/Xcode.app/Contents/Developer/usr/bin/make
# environment
ZPFX = /Users/manlycode/.zinit/polaris
# environment
ZSH_CACHE_DIR = /Users/manlycode/.cache/zinit
# environment
PYTHONDONTWRITEBYTECODE = true
# environment
TERM_PROGRAM = iTerm.app
# default
.VARIABLES := 
# environment
TMPDIR = /var/folders/pw/843m8g5j30b_07jpgsw2by9c0000gn/T/
# automatic
*F = $(notdir $*)
# environment
VSCODE_IPC_HOOK = /Users/manlycode/Library/Application Support/Code/1.56.2-main.sock
# makefile
MAKEFLAGS = Rrqp
# environment
MFLAGS = -Rrqp
# automatic
*D = $(patsubst %/,%,$(dir $*))
# environment
TERM_PROGRAM_VERSION = 3.4.6
# environment
NVIM_LISTEN_ADDRESS = /var/folders/pw/843m8g5j30b_07jpgsw2by9c0000gn/T/nvimScFMHX/0
# environment
XPC_SERVICE_NAME = 0
# environment
LC_TERMINAL_VERSION = 3.4.6
# automatic
+D = $(patsubst %/,%,$(dir $+))
# automatic
+F = $(notdir $+)
# environment
ITERM_SESSION_ID = w0t1p0:9E1FC0BB-A970-482B-9FE5-6EA496E2260A
# environment
COLORFGBG = 7;0
# environment
PMSPEC = 0uUpiPsf
# environment
__CF_USER_TEXT_ENCODING = 0x1F5:0x0:0x0
# environment
COMMAND_MODE = unix2003
# default
MAKEFILES := 
# automatic
<F = $(notdir $<)
# environment
ITERM_PROFILE = Default
# environment
ELECTRON_RUN_AS_NODE = 1
# environment
EDITOR = nvim
# environment
LC_ALL = C
# environment
CONDA_CHANGEPS1 = no
# environment
VIRTUAL_ENV_DISABLE_PROMPT = 12
# environment
define BOOT_JVM_OPTIONS
-client 
-XX:+TieredCompilation 
-XX:TieredStopAtLevel=1 
-Xmx2g 
-XX:+UseConcMarkSweepGC 
-XX:+CMSClassUnloadingEnabled 
-Xverify:none
endef
# automatic
^F = $(notdir $^)
# default
SUFFIXES := 
# environment
ASDF_DIR = /Users/manlycode/.zinit/plugins/asdf-vm---asdf
# environment
GEM_ROOT = /Users/manlycode/.rubies/ruby-3.0.1/lib/ruby/gems/3.0.0
# environment
PYENV_VIRTUALENV_INIT = 1
# default
.INCLUDE_DIRS = /usr/local/include
# environment
MAKELEVEL := 0
# environment
LANG = C
# environment
TERM = xterm-256color
# environment
LOGNAME = manlycode
# environment
VSCODE_PID = 35059
# variable set hash-table stats:
# Load=117/1024=11%, Rehash=0, Collisions=9/143=6%

# Pattern-specific Variable Values

# No pattern-specific variable values.

# Directories

# . (device 16777223, inode 5280992): 8 files, no impossibilities.

# 8 files, no impossibilities in 1 directories.

# Implicit Rules

# No implicit rules.

# Files
 
make: *** No rule to make target `all'.  Stop.
 

# Not a target:
all:
#  Command-line target.
#  Implicit rule search has been done.
#  File does not exist.
#  File has not been updated.
# variable set hash-table stats:
# Load=0/32=0%, Rehash=0, Collisions=0/0=0%

.PHONY: bootstrap install clean
#  Implicit rule search has not been done.
#  Modification time never checked.
#  File has not been updated.

# Not a target:
.SUFFIXES:
#  Implicit rule search has not been done.
#  Modification time never checked.
#  File has not been updated.

# Not a target:
Makefile:
#  Implicit rule search has been done.
#  Last modified 2021-05-17 10:26:52
#  File has been updated.
#  Successfully updated.
# variable set hash-table stats:
# Load=0/32=0%, Rehash=0, Collisions=0/0=0%

bootstrap:
#  Phony target (prerequisite of .PHONY).
#  Implicit rule search has not been done.
#  File does not exist.
#  File has not been updated.
#  commands to execute (from `Makefile', line 6):
	git submodule init
	git submodule update 
	

# Not a target:
.DEFAULT:
#  Implicit rule search has not been done.
#  Modification time never checked.
#  File has not been updated.

clean:
#  Phony target (prerequisite of .PHONY).
#  Implicit rule search has not been done.
#  File does not exist.
#  File has not been updated.
#  commands to execute (from `Makefile', line 16):
	-rm -rf LTspice-parts
	-rm -rf LTspiceXVII
	

install: bootstrap
#  Phony target (prerequisite of .PHONY).
#  Implicit rule search has not been done.
#  File does not exist.
#  File has not been updated.
#  commands to execute (from `Makefile', line 12):
	find ./ -name '*.lib' -exec cp -prv '{}' '${SUBCIRCUIT_DIR}' ';'
	

# files hash-table stats:
# Load=8/1024=1%, Rehash=0, Collisions=0/26=0%
# VPATH Search Paths

# No `vpath' search paths.

# No general (`VPATH' variable) search path.

# # of strings in strcache: 1
# # of strcache buffers: 1
# strcache size: total = 4096 / max = 4096 / min = 4096 / avg = 4096
# strcache free: total = 4087 / max = 4087 / min = 4087 / avg = 4087

# Finished Make data base on Mon May 17 10:29:06 2021

 
